<?xml version="1.0" encoding="UTF-8"?>
<testng-results skipped="0" failed="0" ignored="0" total="1" passed="1">
  <reporter-output>
  </reporter-output>
  <suite name="Suite" duration-ms="121" started-at="2020-02-20T22:30:20 IST" finished-at="2020-02-20T22:30:20 IST">
    <groups>
    </groups>
    <test name="Test" duration-ms="121" started-at="2020-02-20T22:30:20 IST" finished-at="2020-02-20T22:30:20 IST">
      <class name="sample.sample.sample">
        <test-method status="PASS" signature="main()[pri:0, instance:sample.sample.sample@22635ba0]" name="main" duration-ms="14" started-at="2020-02-20T22:30:20 IST" finished-at="2020-02-20T22:30:20 IST">
          <reporter-output>
          </reporter-output>
        </test-method> <!-- main -->
      </class> <!-- sample.sample.sample -->
    </test> <!-- Test -->
  </suite> <!-- Suite -->
</testng-results>
